1671280229073	geckodriver	INFO	Listening on 127.0.0.1:59073
1671280229249	mozrunner::runner	INFO	Running command: "/Applications/Firefox.app/Contents/MacOS/firefox-bin" "--marionette" "--headless" "--remote-debugging-port" "59074" "--remote-allow-hosts" "localhost" "-foreground" "-no-remote" "-profile" "/var/folders/cf/y64m_fmj0cz94mw1cxyqylqm0000gp/T/rust_mozprofilenUbeOK"
*** You are running in headless mode.
*** You are running in headless mode.
2022-12-17 12:30:36.208 plugin-container[68781:5183839] nil host used in call to allowsSpecificHTTPSCertificateForHost
2022-12-17 12:30:36.210 plugin-container[68781:5183839] nil host used in call to allowsAnyHTTPSCertificateForHost:
2022-12-17 12:30:36.494 plugin-container[68781:5183839] nil host used in call to allowsSpecificHTTPSCertificateForHost
2022-12-17 12:30:36.494 plugin-container[68781:5183839] nil host used in call to allowsAnyHTTPSCertificateForHost:
2022-12-17 12:30:36.495 plugin-container[68781:5183836] nil host used in call to allowsSpecificHTTPSCertificateForHost
2022-12-17 12:30:36.495 plugin-container[68781:5183836] nil host used in call to allowsAnyHTTPSCertificateForHost:
WebDriver BiDi listening on ws://127.0.0.1:59074
[GFX1-]: RenderCompositorSWGL failed mapping default framebuffer, no dt
DevTools listening on ws://127.0.0.1:59074/devtools/browser/52f50236-1d8a-4e27-9693-5b919e2f39c0
1671280877384	geckodriver	INFO	Listening on 127.0.0.1:59578
1671280877887	mozrunner::runner	INFO	Running command: "/Applications/Firefox.app/Contents/MacOS/firefox-bin" "--marionette" "--headless" "--remote-debugging-port" "59579" "--remote-allow-hosts" "localhost" "-foreground" "-no-remote" "-profile" "/var/folders/cf/y64m_fmj0cz94mw1cxyqylqm0000gp/T/rust_mozprofileX07vtN"
*** You are running in headless mode.
2022-12-17 12:41:18.285 plugin-container[69303:5195824] nil host used in call to allowsSpecificHTTPSCertificateForHost
2022-12-17 12:41:18.286 plugin-container[69303:5195824] nil host used in call to allowsAnyHTTPSCertificateForHost:
2022-12-17 12:41:18.296 plugin-container[69303:5195824] nil host used in call to allowsSpecificHTTPSCertificateForHost
2022-12-17 12:41:18.296 plugin-container[69303:5195824] nil host used in call to allowsAnyHTTPSCertificateForHost:
2022-12-17 12:41:18.296 plugin-container[69303:5195826] nil host used in call to allowsSpecificHTTPSCertificateForHost
2022-12-17 12:41:18.296 plugin-container[69303:5195826] nil host used in call to allowsAnyHTTPSCertificateForHost:
1671280878303	Marionette	INFO	Marionette enabled
1671280878322	Marionette	INFO	Listening on port 59588
Read port: 59588
WebDriver BiDi listening on ws://127.0.0.1:59579
1671280878772	RemoteAgent	WARN	TLS certificate errors will be ignored for this session
[GFX1-]: RenderCompositorSWGL failed mapping default framebuffer, no dt
console.warn: SearchSettings: "get: No settings file exists, new profile?" (new NotFoundError("Could not open the file at /var/folders/cf/y64m_fmj0cz94mw1cxyqylqm0000gp/T/rust_mozprofileX07vtN/search.json.mozlz4", (void 0)))
DevTools listening on ws://127.0.0.1:59579/devtools/browser/a0c0aba9-3f87-4c29-8c10-6c088ab99895
1671280880552	Marionette	INFO	Stopped listening on port 59588
1671281219469	geckodriver	INFO	Listening on 127.0.0.1:59735
1671281219974	mozrunner::runner	INFO	Running command: "/Applications/Firefox.app/Contents/MacOS/firefox-bin" "--marionette" "--headless" "user-data-dir=/Applications/Firefox.app/Contents/MacOS/firefox-bin" "--remote-debugging-port" "59736" "--remote-allow-hosts" "localhost" "-foreground" "-no-remote" "-profile" "/var/folders/cf/y64m_fmj0cz94mw1cxyqylqm0000gp/T/rust_mozprofile41VJu6"
*** You are running in headless mode.
2022-12-17 12:47:00.370 plugin-container[69984:5202188] nil host used in call to allowsSpecificHTTPSCertificateForHost
2022-12-17 12:47:00.372 plugin-container[69984:5202188] nil host used in call to allowsAnyHTTPSCertificateForHost:
2022-12-17 12:47:00.381 plugin-container[69984:5202188] nil host used in call to allowsSpecificHTTPSCertificateForHost
2022-12-17 12:47:00.381 plugin-container[69984:5202188] nil host used in call to allowsAnyHTTPSCertificateForHost:
2022-12-17 12:47:00.382 plugin-container[69984:5202213] nil host used in call to allowsSpecificHTTPSCertificateForHost
2022-12-17 12:47:00.382 plugin-container[69984:5202213] nil host used in call to allowsAnyHTTPSCertificateForHost:
1671281220391	Marionette	INFO	Marionette enabled
1671281220426	Marionette	INFO	Listening on port 59743
Read port: 59743
WebDriver BiDi listening on ws://127.0.0.1:59736
1671281220937	RemoteAgent	WARN	TLS certificate errors will be ignored for this session
[GFX1-]: RenderCompositorSWGL failed mapping default framebuffer, no dt
console.warn: SearchSettings: "get: No settings file exists, new profile?" (new NotFoundError("Could not open the file at /var/folders/cf/y64m_fmj0cz94mw1cxyqylqm0000gp/T/rust_mozprofile41VJu6/search.json.mozlz4", (void 0)))
DevTools listening on ws://127.0.0.1:59736/devtools/browser/70c69b54-ee98-4de1-84c3-88390e8bf00c
1671281223074	Marionette	INFO	Stopped listening on port 59743
WARNING: A blocker encountered an error while we were waiting.
          Blocker:  Waiting for ping task
          Phase: TelemetryController: Waiting for pending ping activity
          State: (none)
WARNING: Error: Phase "profile-before-change" is finished, it is too late to register completion condition "OS.File: flush I/O queued before profileBeforeChange"
WARNING: addBlocker@resource://gre/modules/AsyncShutdown.jsm:703:15
addBlocker@resource://gre/modules/AsyncShutdown.jsm:511:26
addBlocker@resource://gre/modules/AsyncShutdown.jsm:450:15
setupShutdown@resource://gre/modules/osfile/osfile_async_front.jsm:1563:28
@resource://gre/modules/osfile/osfile_async_front.jsm:1583:16
@resource://gre/modules/osfile.jsm:12:30
@resource://gre/modules/TelemetryStorage.jsm:19:28
promiseArchivePing@resource://gre/modules/TelemetryArchive.jsm:103:5
promiseArchivePing@resource://gre/modules/TelemetryArchive.jsm:63:33
_submitPingLogic@resource://gre/modules/TelemetryControllerParent.jsm:540:48
send@resource://gre/modules/TelemetryControllerParent.jsm:628:24
submitExternalPing@resource://gre/modules/TelemetryControllerParent.jsm:182:17
sendPing@resource://gre/modules/EventPing.jsm:51:30
_submitPing@resource://gre/modules/EventPing.jsm:229:12
shutdown@resource://gre/modules/EventPing.jsm:112:10
_cleanupOnShutdown@resource://gre/modules/TelemetryControllerParent.jsm:940:31
shutdown/<@resource://gre/modules/TelemetryControllerParent.jsm:1010:24
observe@resource://gre/modules/AsyncShutdown.jsm:560:16

WARNING: A blocker encountered an error while we were waiting.
          Blocker:  Waiting for ping task
          Phase: TelemetryController: Waiting for pending ping activity
          State: (none)
WARNING: Error: Phase "profile-before-change" is finished, it is too late to register completion condition "OS.File: flush I/O queued before profileBeforeChange"
WARNING: addBlocker@resource://gre/modules/AsyncShutdown.jsm:703:15
addBlocker@resource://gre/modules/AsyncShutdown.jsm:511:26
addBlocker@resource://gre/modules/AsyncShutdown.jsm:450:15
setupShutdown@resource://gre/modules/osfile/osfile_async_front.jsm:1563:28
@resource://gre/modules/osfile/osfile_async_front.jsm:1583:16
@resource://gre/modules/osfile.jsm:12:30
@resource://gre/modules/TelemetryStorage.jsm:19:28
promiseArchivePing@resource://gre/modules/TelemetryArchive.jsm:103:5
promiseArchivePing@resource://gre/modules/TelemetryArchive.jsm:63:33
_submitPingLogic@resource://gre/modules/TelemetryControllerParent.jsm:540:48
send@resource://gre/modules/TelemetryControllerParent.jsm:628:24
submitExternalPing@resource://gre/modules/TelemetryControllerParent.jsm:182:17
saveShutdownPings@resource://gre/modules/TelemetrySession.jsm:982:34
shutdownChromeProcess/cleanup/<@resource://gre/modules/TelemetrySession.jsm:1232:20
cleanup@resource://gre/modules/TelemetrySession.jsm:1239:9
shutdownChromeProcess@resource://gre/modules/TelemetrySession.jsm:1256:14
shutdown@resource://gre/modules/TelemetrySession.jsm:247:17
_cleanupOnShutdown@resource://gre/modules/TelemetryControllerParent.jsm:959:35
observe@resource://gre/modules/AsyncShutdown.jsm:560:16

WARNING: A blocker encountered an error while we were waiting.
          Blocker:  Waiting for ping task
          Phase: TelemetryController: Waiting for pending ping activity
          State: (none)
WARNING: Error: Phase "profile-before-change" is finished, it is too late to register completion condition "OS.File: flush I/O queued before profileBeforeChange"
WARNING: addBlocker@resource://gre/modules/AsyncShutdown.jsm:703:15
addBlocker@resource://gre/modules/AsyncShutdown.jsm:511:26
addBlocker@resource://gre/modules/AsyncShutdown.jsm:450:15
setupShutdown@resource://gre/modules/osfile/osfile_async_front.jsm:1563:28
@resource://gre/modules/osfile/osfile_async_front.jsm:1583:16
@resource://gre/modules/osfile.jsm:12:30
@resource://gre/modules/TelemetryStorage.jsm:19:28
promiseArchivePing@resource://gre/modules/TelemetryArchive.jsm:103:5
promiseArchivePing@resource://gre/modules/TelemetryArchive.jsm:63:33
_submitPingLogic@resource://gre/modules/TelemetryControllerParent.jsm:540:48
send@resource://gre/modules/TelemetryControllerParent.jsm:628:24
submitExternalPing@resource://gre/modules/TelemetryControllerParent.jsm:182:17
saveShutdownPings@resource://gre/modules/TelemetrySession.jsm:1014:36
shutdownChromeProcess/cleanup/<@resource://gre/modules/TelemetrySession.jsm:1232:20
cleanup@resource://gre/modules/TelemetrySession.jsm:1239:9
shutdownChromeProcess@resource://gre/modules/TelemetrySession.jsm:1256:14
shutdown@resource://gre/modules/TelemetrySession.jsm:247:17
_cleanupOnShutdown@resource://gre/modules/TelemetryControllerParent.jsm:959:35
observe@resource://gre/modules/AsyncShutdown.jsm:560:16

WARNING: A blocker encountered an error while we were waiting.
          Blocker:  TelemetryController: shutting down
          Phase: profile-before-change-telemetry
          State: Error getting state: Error: Phase "profile-before-change" is finished, it is too late to register completion condition "OS.File: flush I/O queued before profileBeforeChange" at addBlocker@resource://gre/modules/AsyncShutdown.jsm:703:15
addBlocker@resource://gre/modules/AsyncShutdown.jsm:511:26
addBlocker@resource://gre/modules/AsyncShutdown.jsm:450:15
setupShutdown@resource://gre/modules/osfile/osfile_async_front.jsm:1563:28
@resource://gre/modules/osfile/osfile_async_front.jsm:1583:16
@resource://gre/modules/osfile.jsm:12:30
@resource://gre/modules/TelemetryStorage.jsm:19:28
getShutdownState@resource://gre/modules/TelemetrySend.jsm:1687:7
getShutdownState@resource://gre/modules/TelemetrySend.jsm:369:30
_getState@resource://gre/modules/TelemetryControllerParent.jsm:1058:38
setupTelemetry/<@resource://gre/modules/TelemetryControllerParent.jsm:917:18
safeGetState@resource://gre/modules/AsyncShutdown.jsm:242:17
Barrier/addBlocker/promise<@resource://gre/modules/AsyncShutdown.jsm:751:20
observe@resource://gre/modules/AsyncShutdown.jsm:560:16

WARNING: Error: Phase "profile-before-change" is finished, it is too late to register completion condition "OS.File: flush I/O queued before profileBeforeChange"
WARNING: addBlocker@resource://gre/modules/AsyncShutdown.jsm:703:15
addBlocker@resource://gre/modules/AsyncShutdown.jsm:511:26
addBlocker@resource://gre/modules/AsyncShutdown.jsm:450:15
setupShutdown@resource://gre/modules/osfile/osfile_async_front.jsm:1563:28
@resource://gre/modules/osfile/osfile_async_front.jsm:1583:16
@resource://gre/modules/osfile.jsm:12:30
@resource://gre/modules/TelemetryStorage.jsm:19:28
removeAbortedSessionPing@resource://gre/modules/TelemetryControllerParent.jsm:721:5
removeAbortedSessionPing@resource://gre/modules/TelemetryControllerParent.jsm:249:17
shutdownChromeProcess/cleanup/<@resource://gre/modules/TelemetrySession.jsm:1235:42
observe@resource://gre/modules/AsyncShutdown.jsm:560:16

JavaScript error: resource://gre/modules/AsyncShutdown.jsm, line 703: Error: Phase "profile-before-change" is finished, it is too late to register completion condition "OS.File: flush I/O queued before profileBeforeChange"
JavaScript error: resource://gre/modules/AsyncShutdown.jsm, line 703: Error: Phase "profile-before-change" is finished, it is too late to register completion condition "OS.File: flush I/O queued before profileBeforeChange"
JavaScript error: resource://gre/modules/AsyncShutdown.jsm, line 703: Error: Phase "profile-before-change" is finished, it is too late to register completion condition "OS.File: flush I/O queued before profileBeforeChange"
JavaScript error: resource://gre/modules/AsyncShutdown.jsm, line 703: Error: Phase "profile-before-change" is finished, it is too late to register completion condition "OS.File: flush I/O queued before profileBeforeChange"
JavaScript error: resource://gre/modules/AsyncShutdown.jsm, line 703: Error: Phase "profile-before-change" is finished, it is too late to register completion condition "OS.File: flush I/O queued before profileBeforeChange"
JavaScript error: resource://gre/modules/AsyncShutdown.jsm, line 703: Error: Phase "profile-before-change" is finished, it is too late to register completion condition "OS.File: flush I/O queued before profileBeforeChange"
1671281466011	geckodriver	INFO	Listening on 127.0.0.1:59927
1671281466572	mozrunner::runner	INFO	Running command: "/Applications/Firefox.app/Contents/MacOS/firefox-bin" "--marionette" "--headless" "user-data-dir=/Users/toman/Library/Application\\ Support/Firefox/Profiles/" "--remote-debugging-port" "59928" "--remote-allow-hosts" "localhost" "-foreground" "-no-remote" "-profile" "/var/folders/cf/y64m_fmj0cz94mw1cxyqylqm0000gp/T/rust_mozprofileruRHiI"
*** You are running in headless mode.
2022-12-17 12:51:06.963 plugin-container[70345:5207057] nil host used in call to allowsSpecificHTTPSCertificateForHost
2022-12-17 12:51:06.965 plugin-container[70345:5207057] nil host used in call to allowsAnyHTTPSCertificateForHost:
2022-12-17 12:51:06.973 plugin-container[70345:5207057] nil host used in call to allowsSpecificHTTPSCertificateForHost
2022-12-17 12:51:06.973 plugin-container[70345:5207057] nil host used in call to allowsAnyHTTPSCertificateForHost:
2022-12-17 12:51:06.974 plugin-container[70345:5207084] nil host used in call to allowsSpecificHTTPSCertificateForHost
2022-12-17 12:51:06.974 plugin-container[70345:5207084] nil host used in call to allowsAnyHTTPSCertificateForHost:
1671281466978	Marionette	INFO	Marionette enabled
1671281467014	Marionette	INFO	Listening on port 59935
Read port: 59935
WebDriver BiDi listening on ws://127.0.0.1:59928
1671281467505	RemoteAgent	WARN	TLS certificate errors will be ignored for this session
[GFX1-]: RenderCompositorSWGL failed mapping default framebuffer, no dt
console.warn: SearchSettings: "get: No settings file exists, new profile?" (new NotFoundError("Could not open the file at /var/folders/cf/y64m_fmj0cz94mw1cxyqylqm0000gp/T/rust_mozprofileruRHiI/search.json.mozlz4", (void 0)))
DevTools listening on ws://127.0.0.1:59928/devtools/browser/650e719a-d3a7-48a3-99b0-f2b612209943
1671281469275	Marionette	INFO	Stopped listening on port 59935
1671281575125	geckodriver	INFO	Listening on 127.0.0.1:59974
1671281575625	mozrunner::runner	INFO	Running command: "/Applications/Firefox.app/Contents/MacOS/firefox-bin" "--marionette" "--headless" "user-data-dir=/Users/toman/Library/Application\\ Support/Firefox/Profiles/28e55o24.default" "--remote-debugging-port" "59975" "--remote-allow-hosts" "localhost" "-foreground" "-no-remote" "-profile" "/var/folders/cf/y64m_fmj0cz94mw1cxyqylqm0000gp/T/rust_mozprofileObwj6r"
*** You are running in headless mode.
2022-12-17 12:52:56.051 plugin-container[70618:5209226] nil host used in call to allowsSpecificHTTPSCertificateForHost
2022-12-17 12:52:56.052 plugin-container[70618:5209226] nil host used in call to allowsAnyHTTPSCertificateForHost:
2022-12-17 12:52:56.062 plugin-container[70618:5209226] nil host used in call to allowsSpecificHTTPSCertificateForHost
2022-12-17 12:52:56.062 plugin-container[70618:5209226] nil host used in call to allowsAnyHTTPSCertificateForHost:
2022-12-17 12:52:56.063 plugin-container[70618:5209231] nil host used in call to allowsSpecificHTTPSCertificateForHost
2022-12-17 12:52:56.063 plugin-container[70618:5209231] nil host used in call to allowsAnyHTTPSCertificateForHost:
1671281576073	Marionette	INFO	Marionette enabled
1671281576093	Marionette	INFO	Listening on port 59982
Read port: 59982
WebDriver BiDi listening on ws://127.0.0.1:59975
1671281576786	RemoteAgent	WARN	TLS certificate errors will be ignored for this session
[GFX1-]: RenderCompositorSWGL failed mapping default framebuffer, no dt
console.warn: SearchSettings: "get: No settings file exists, new profile?" (new NotFoundError("Could not open the file at /var/folders/cf/y64m_fmj0cz94mw1cxyqylqm0000gp/T/rust_mozprofileObwj6r/search.json.mozlz4", (void 0)))
DevTools listening on ws://127.0.0.1:59975/devtools/browser/18dfc0fd-804a-45ed-9496-c9b7ba8bbcf6
1671281578514	Marionette	INFO	Stopped listening on port 59982
